/*C7*/SET SCHEMA PUBLIC
DELETE FROM USER WHERE USERNAME='admin' AND PASSWORD='admin' AND SCORE=25
INSERT INTO USER VALUES('admin','admin',35)
COMMIT
DISCONNECT
/*C10*/SET SCHEMA PUBLIC
DELETE FROM USER WHERE USERNAME='123' AND PASSWORD='123' AND SCORE=0
INSERT INTO USER VALUES('123','123',10)
COMMIT
DISCONNECT
/*C13*/SET SCHEMA PUBLIC
DELETE FROM USER WHERE USERNAME='123' AND PASSWORD='123' AND SCORE=10
INSERT INTO USER VALUES('123','123',20)
COMMIT
DISCONNECT
/*C16*/SET SCHEMA PUBLIC
DELETE FROM USER WHERE USERNAME='admin' AND PASSWORD='admin' AND SCORE=35
INSERT INTO USER VALUES('admin','admin',92)
COMMIT
DISCONNECT
